0 info it worked if it ends with ok
1 verbose cli [ 'node', '/usr/local/bin/npm', 'install', 'mocha', '-g' ]
2 info using npm@2.11.3
3 info using node@v0.12.7
4 verbose install initial load of /usr/local/lib/package.json
5 verbose readDependencies loading dependencies from /usr/local/lib/package.json
6 silly cache add args [ 'mocha', null ]
7 verbose cache add spec mocha
8 silly cache add parsed spec { raw: 'mocha',
8 silly cache add   scope: null,
8 silly cache add   name: 'mocha',
8 silly cache add   rawSpec: '',
8 silly cache add   spec: '*',
8 silly cache add   type: 'range' }
9 silly addNamed mocha@*
10 verbose addNamed "*" is a valid semver range for mocha
11 silly addNameRange { name: 'mocha', range: '*', hasData: false }
12 silly mapToRegistry name mocha
13 silly mapToRegistry using default registry
14 silly mapToRegistry registry https://registry.npmjs.org/
15 silly mapToRegistry uri https://registry.npmjs.org/mocha
16 verbose addNameRange registry:https://registry.npmjs.org/mocha not in flight; fetching
17 verbose request uri https://registry.npmjs.org/mocha
18 verbose request no auth needed
19 info attempt registry request try #1 at 8:07:46 PM
20 verbose request id c127d8861b5c4ef4
21 verbose etag "AXR1MDWPUY1FYKATH1X51DLCT"
22 http request GET https://registry.npmjs.org/mocha
23 http 200 https://registry.npmjs.org/mocha
24 silly get cb [ 200,
24 silly get   { server: 'CouchDB/1.5.0 (Erlang OTP/R16B03)',
24 silly get     etag: '"CKQ2Z5O17G9ATQ3NVVY85K5E8"',
24 silly get     'content-type': 'application/json',
24 silly get     'cache-control': 'max-age=60',
24 silly get     'content-length': '172710',
24 silly get     'accept-ranges': 'bytes',
24 silly get     date: 'Tue, 08 Sep 2015 03:07:47 GMT',
24 silly get     via: '1.1 varnish',
24 silly get     age: '13',
24 silly get     connection: 'keep-alive',
24 silly get     'x-served-by': 'cache-lax1420-LAX',
24 silly get     'x-cache': 'HIT',
24 silly get     'x-cache-hits': '1',
24 silly get     'x-timer': 'S1441681667.195509,VS0,VE1',
24 silly get     vary: 'Accept' } ]
25 verbose get saving mocha to /Users/davidsheffield/.npm/registry.npmjs.org/mocha/.cache.json
26 silly addNameRange number 2 { name: 'mocha', range: '*', hasData: true }
27 silly addNameRange versions [ 'mocha',
27 silly addNameRange   [ '0.0.1-alpha1',
27 silly addNameRange     '0.0.1-alpha2',
27 silly addNameRange     '0.0.1-alpha3',
27 silly addNameRange     '0.0.1-alpha4',
27 silly addNameRange     '0.0.1-alpha5',
27 silly addNameRange     '0.0.1-alpha6',
27 silly addNameRange     '0.0.1',
27 silly addNameRange     '0.0.2',
27 silly addNameRange     '0.0.3',
27 silly addNameRange     '0.0.4',
27 silly addNameRange     '0.0.5',
27 silly addNameRange     '0.0.6',
27 silly addNameRange     '0.0.7',
27 silly addNameRange     '0.0.8',
27 silly addNameRange     '0.1.0',
27 silly addNameRange     '0.2.0',
27 silly addNameRange     '0.3.0',
27 silly addNameRange     '0.3.1',
27 silly addNameRange     '0.3.2',
27 silly addNameRange     '0.3.3',
27 silly addNameRange     '0.3.4',
27 silly addNameRange     '0.3.6',
27 silly addNameRange     '0.4.0',
27 silly addNameRange     '0.5.0',
27 silly addNameRange     '0.6.0',
27 silly addNameRange     '0.7.0',
27 silly addNameRange     '0.7.1',
27 silly addNameRange     '0.8.0',
27 silly addNameRange     '0.8.1',
27 silly addNameRange     '0.9.0',
27 silly addNameRange     '0.10.0',
27 silly addNameRange     '0.10.1',
27 silly addNameRange     '0.10.2',
27 silly addNameRange     '0.11.0',
27 silly addNameRange     '0.12.0',
27 silly addNameRange     '0.12.1',
27 silly addNameRange     '0.13.0',
27 silly addNameRange     '0.14.0',
27 silly addNameRange     '0.14.1',
27 silly addNameRange     '1.0.0',
27 silly addNameRange     '1.0.1',
27 silly addNameRange     '1.0.2',
27 silly addNameRange     '1.0.3',
27 silly addNameRange     '1.1.0',
27 silly addNameRange     '1.2.0',
27 silly addNameRange     '1.2.1',
27 silly addNameRange     '1.2.2',
27 silly addNameRange     '1.3.0',
27 silly addNameRange     '1.3.1',
27 silly addNameRange     '1.3.2',
27 silly addNameRange     '1.4.0',
27 silly addNameRange     '1.4.1',
27 silly addNameRange     '1.4.2',
27 silly addNameRange     '1.4.3',
27 silly addNameRange     '1.5.0',
27 silly addNameRange     '1.6.0',
27 silly addNameRange     '1.7.0',
27 silly addNameRange     '1.7.1',
27 silly addNameRange     '1.7.2',
27 silly addNameRange     '1.7.3',
27 silly addNameRange     '1.7.4',
27 silly addNameRange     '1.8.0',
27 silly addNameRange     '1.8.1',
27 silly addNameRange     '1.8.2',
27 silly addNameRange     '1.9.0',
27 silly addNameRange     '1.10.0',
27 silly addNameRange     '1.11.0',
27 silly addNameRange     '1.12.0',
27 silly addNameRange     '1.12.1',
27 silly addNameRange     '1.13.0',
27 silly addNameRange     '1.14.0',
27 silly addNameRange     '1.15.0',
27 silly addNameRange     '1.15.1',
27 silly addNameRange     '1.16.0',
27 silly addNameRange     '1.16.1',
27 silly addNameRange     '1.16.2',
27 silly addNameRange     '1.17.0',
27 silly addNameRange     '1.17.1',
27 silly addNameRange     '1.18.0',
27 silly addNameRange     '1.18.1',
27 silly addNameRange     '1.18.2',
27 silly addNameRange     '1.19.0',
27 silly addNameRange     '1.20.0',
27 silly addNameRange     '1.20.1',
27 silly addNameRange     '1.21.0',
27 silly addNameRange     '1.21.1',
27 silly addNameRange     '1.21.2',
27 silly addNameRange     '1.21.3',
27 silly addNameRange     '1.21.4',
27 silly addNameRange     '1.21.5',
27 silly addNameRange     '2.0.0',
27 silly addNameRange     '2.0.1',
27 silly addNameRange     '2.1.0',
27 silly addNameRange     '2.2.0',
27 silly addNameRange     '2.2.1',
27 silly addNameRange     '2.2.3',
27 silly addNameRange     '2.2.4',
27 silly addNameRange     '2.2.5',
27 silly addNameRange     '2.3.0',
27 silly addNameRange     '2.3.1',
27 silly addNameRange     '2.3.2' ] ]
28 silly addNamed mocha@2.3.2
29 verbose addNamed "2.3.2" is a plain semver version for mocha
30 silly mapToRegistry name mocha
31 silly mapToRegistry using default registry
32 silly mapToRegistry registry https://registry.npmjs.org/
33 silly mapToRegistry uri https://registry.npmjs.org/mocha
34 verbose addRemoteTarball https://registry.npmjs.org/mocha/-/mocha-2.3.2.tgz not in flight; adding
35 verbose addRemoteTarball [ 'https://registry.npmjs.org/mocha/-/mocha-2.3.2.tgz',
35 verbose addRemoteTarball   '4cd71c4f91cb5e02e0d487b7c69db86ada6e8b83' ]
36 info retry fetch attempt 1 at 8:07:47 PM
37 info attempt registry request try #1 at 8:07:47 PM
38 http fetch GET https://registry.npmjs.org/mocha/-/mocha-2.3.2.tgz
39 http fetch 200 https://registry.npmjs.org/mocha/-/mocha-2.3.2.tgz
40 silly fetchAndShaCheck shasum 4cd71c4f91cb5e02e0d487b7c69db86ada6e8b83
41 verbose addTmpTarball /var/folders/75/37qblbz92676hx37gg2_60fc0000gn/T/npm-12949-3fab8d22/registry.npmjs.org/mocha/-/mocha-2.3.2.tgz not in flight; adding
42 verbose addTmpTarball already have metadata; skipping unpack for mocha@2.3.2
43 silly cache afterAdd mocha@2.3.2
44 verbose afterAdd /Users/davidsheffield/.npm/mocha/2.3.2/package/package.json not in flight; writing
45 verbose afterAdd /Users/davidsheffield/.npm/mocha/2.3.2/package/package.json written
46 silly install resolved [ { name: 'mocha',
46 silly install resolved     version: '2.3.2',
46 silly install resolved     description: 'simple, flexible, fun test framework',
46 silly install resolved     keywords: [ 'mocha', 'test', 'bdd', 'tdd', 'tap' ],
46 silly install resolved     author: { name: 'TJ Holowaychuk', email: 'tj@vision-media.ca' },
46 silly install resolved     contributors:
46 silly install resolved      [ [Object],
46 silly install resolved        [Object],
46 silly install resolved        [Object],
46 silly install resolved        [Object],
46 silly install resolved        [Object],
46 silly install resolved        [Object],
46 silly install resolved        [Object],
46 silly install resolved        [Object],
46 silly install resolved        [Object],
46 silly install resolved        [Object],
46 silly install resolved        [Object],
46 silly install resolved        [Object],
46 silly install resolved        [Object],
46 silly install resolved        [Object],
46 silly install resolved        [Object],
46 silly install resolved        [Object],
46 silly install resolved        [Object],
46 silly install resolved        [Object],
46 silly install resolved        [Object],
46 silly install resolved        [Object],
46 silly install resolved        [Object],
46 silly install resolved        [Object],
46 silly install resolved        [Object],
46 silly install resolved        [Object],
46 silly install resolved        [Object],
46 silly install resolved        [Object],
46 silly install resolved        [Object],
46 silly install resolved        [Object],
46 silly install resolved        [Object],
46 silly install resolved        [Object],
46 silly install resolved        [Object],
46 silly install resolved        [Object],
46 silly install resolved        [Object],
46 silly install resolved        [Object],
46 silly install resolved        [Object],
46 silly install resolved        [Object],
46 silly install resolved        [Object],
46 silly install resolved        [Object],
46 silly install resolved        [Object],
46 silly install resolved        [Object],
46 silly install resolved        [Object],
46 silly install resolved        [Object],
46 silly install resolved        [Object],
46 silly install resolved        [Object],
46 silly install resolved        [Object],
46 silly install resolved        [Object],
46 silly install resolved        [Object],
46 silly install resolved        [Object],
46 silly install resolved        [Object],
46 silly install resolved        [Object],
46 silly install resolved        [Object],
46 silly install resolved        [Object],
46 silly install resolved        [Object],
46 silly install resolved        [Object],
46 silly install resolved        [Object],
46 silly install resolved        [Object],
46 silly install resolved        [Object],
46 silly install resolved        [Object],
46 silly install resolved        [Object],
46 silly install resolved        [Object],
46 silly install resolved        [Object],
46 silly install resolved        [Object],
46 silly install resolved        [Object],
46 silly install resolved        [Object],
46 silly install resolved        [Object],
46 silly install resolved        [Object],
46 silly install resolved        [Object],
46 silly install resolved        [Object],
46 silly install resolved        [Object],
46 silly install resolved        [Object],
46 silly install resolved        [Object],
46 silly install resolved        [Object],
46 silly install resolved        [Object],
46 silly install resolved        [Object],
46 silly install resolved        [Object],
46 silly install resolved        [Object],
46 silly install resolved        [Object],
46 silly install resolved        [Object],
46 silly install resolved        [Object],
46 silly install resolved        [Object],
46 silly install resolved        [Object],
46 silly install resolved        [Object],
46 silly install resolved        [Object],
46 silly install resolved        [Object],
46 silly install resolved        [Object],
46 silly install resolved        [Object],
46 silly install resolved        [Object],
46 silly install resolved        [Object],
46 silly install resolved        [Object],
46 silly install resolved        [Object],
46 silly install resolved        [Object],
46 silly install resolved        [Object],
46 silly install resolved        [Object],
46 silly install resolved        [Object],
46 silly install resolved        [Object],
46 silly install resolved        [Object],
46 silly install resolved        [Object],
46 silly install resolved        [Object],
46 silly install resolved        [Object],
46 silly install resolved        [Object],
46 silly install resolved        [Object],
46 silly install resolved        [Object],
46 silly install resolved        [Object],
46 silly install resolved        [Object],
46 silly install resolved        [Object],
46 silly install resolved        [Object],
46 silly install resolved        [Object],
46 silly install resolved        [Object],
46 silly install resolved        [Object],
46 silly install resolved        [Object],
46 silly install resolved        [Object],
46 silly install resolved        [Object],
46 silly install resolved        [Object],
46 silly install resolved        [Object],
46 silly install resolved        [Object],
46 silly install resolved        [Object],
46 silly install resolved        [Object],
46 silly install resolved        [Object],
46 silly install resolved        [Object],
46 silly install resolved        [Object],
46 silly install resolved        [Object],
46 silly install resolved        [Object],
46 silly install resolved        [Object],
46 silly install resolved        [Object],
46 silly install resolved        [Object],
46 silly install resolved        [Object],
46 silly install resolved        [Object],
46 silly install resolved        [Object],
46 silly install resolved        [Object],
46 silly install resolved        [Object],
46 silly install resolved        [Object],
46 silly install resolved        [Object],
46 silly install resolved        [Object],
46 silly install resolved        [Object],
46 silly install resolved        [Object],
46 silly install resolved        [Object],
46 silly install resolved        [Object],
46 silly install resolved        [Object],
46 silly install resolved        [Object],
46 silly install resolved        [Object],
46 silly install resolved        [Object],
46 silly install resolved        [Object],
46 silly install resolved        [Object],
46 silly install resolved        [Object],
46 silly install resolved        [Object],
46 silly install resolved        [Object],
46 silly install resolved        [Object],
46 silly install resolved        [Object],
46 silly install resolved        [Object],
46 silly install resolved        [Object],
46 silly install resolved        [Object],
46 silly install resolved        [Object],
46 silly install resolved        [Object],
46 silly install resolved        [Object],
46 silly install resolved        [Object],
46 silly install resolved        [Object],
46 silly install resolved        [Object],
46 silly install resolved        [Object],
46 silly install resolved        [Object],
46 silly install resolved        [Object],
46 silly install resolved        [Object],
46 silly install resolved        [Object],
46 silly install resolved        [Object],
46 silly install resolved        [Object],
46 silly install resolved        [Object],
46 silly install resolved        [Object],
46 silly install resolved        [Object],
46 silly install resolved        [Object],
46 silly install resolved        [Object],
46 silly install resolved        [Object],
46 silly install resolved        [Object],
46 silly install resolved        [Object],
46 silly install resolved        [Object],
46 silly install resolved        [Object],
46 silly install resolved        [Object],
46 silly install resolved        [Object],
46 silly install resolved        [Object],
46 silly install resolved        [Object],
46 silly install resolved        [Object],
46 silly install resolved        [Object],
46 silly install resolved        [Object],
46 silly install resolved        [Object],
46 silly install resolved        [Object],
46 silly install resolved        [Object],
46 silly install resolved        [Object],
46 silly install resolved        [Object],
46 silly install resolved        [Object],
46 silly install resolved        [Object],
46 silly install resolved        [Object],
46 silly install resolved        [Object],
46 silly install resolved        [Object],
46 silly install resolved        [Object],
46 silly install resolved        [Object],
46 silly install resolved        [Object],
46 silly install resolved        [Object],
46 silly install resolved        [Object],
46 silly install resolved        [Object],
46 silly install resolved        [Object],
46 silly install resolved        [Object],
46 silly install resolved        [Object],
46 silly install resolved        [Object],
46 silly install resolved        [Object],
46 silly install resolved        [Object],
46 silly install resolved        [Object],
46 silly install resolved        [Object],
46 silly install resolved        [Object],
46 silly install resolved        [Object],
46 silly install resolved        [Object],
46 silly install resolved        [Object],
46 silly install resolved        [Object],
46 silly install resolved        [Object],
46 silly install resolved        [Object],
46 silly install resolved        [Object],
46 silly install resolved        [Object],
46 silly install resolved        [Object],
46 silly install resolved        [Object],
46 silly install resolved        [Object],
46 silly install resolved        [Object],
46 silly install resolved        [Object],
46 silly install resolved        [Object],
46 silly install resolved        [Object],
46 silly install resolved        [Object],
46 silly install resolved        [Object],
46 silly install resolved        [Object],
46 silly install resolved        [Object],
46 silly install resolved        [Object],
46 silly install resolved        [Object],
46 silly install resolved        [Object],
46 silly install resolved        [Object],
46 silly install resolved        [Object],
46 silly install resolved        [Object],
46 silly install resolved        [Object],
46 silly install resolved        [Object],
46 silly install resolved        [Object],
46 silly install resolved        [Object],
46 silly install resolved        [Object],
46 silly install resolved        [Object],
46 silly install resolved        [Object],
46 silly install resolved        [Object],
46 silly install resolved        [Object] ],
46 silly install resolved     license: 'MIT',
46 silly install resolved     repository: { type: 'git', url: 'git://github.com/mochajs/mocha.git' },
46 silly install resolved     maintainers: [ [Object], [Object], [Object], [Object] ],
46 silly install resolved     main: './index',
46 silly install resolved     bin: { mocha: './bin/mocha', _mocha: './bin/_mocha' },
46 silly install resolved     engines: { node: '>= 0.8.x' },
46 silly install resolved     scripts: { test: 'make test-all' },
46 silly install resolved     dependencies:
46 silly install resolved      { commander: '2.3.0',
46 silly install resolved        debug: '2.0.0',
46 silly install resolved        diff: '1.4.0',
46 silly install resolved        'escape-string-regexp': '1.0.2',
46 silly install resolved        glob: '3.2.3',
46 silly install resolved        growl: '1.8.1',
46 silly install resolved        jade: '1.11.0',
46 silly install resolved        mkdirp: '0.5.0',
46 silly install resolved        'supports-color': '1.2.0' },
46 silly install resolved     devDependencies:
46 silly install resolved      { 'browser-stdout': '^1.2.0',
46 silly install resolved        browserify: '10.2.4',
46 silly install resolved        'coffee-script': '~1.8.0',
46 silly install resolved        eslint: '^1.2.1',
46 silly install resolved        should: '~4.0.0',
46 silly install resolved        through2: '~0.6.5' },
46 silly install resolved     files:
46 silly install resolved      [ 'bin',
46 silly install resolved        'images',
46 silly install resolved        'lib',
46 silly install resolved        'index.js',
46 silly install resolved        'mocha.css',
46 silly install resolved        'mocha.js',
46 silly install resolved        'LICENSE' ],
46 silly install resolved     browser:
46 silly install resolved      { debug: './lib/browser/debug.js',
46 silly install resolved        events: './lib/browser/events.js',
46 silly install resolved        tty: './lib/browser/tty.js' },
46 silly install resolved     licenses: [ [Object] ],
46 silly install resolved     gitHead: '4c4d4d96297e9bdd1c532717a7ad0b1d3946f3ee',
46 silly install resolved     bugs: { url: 'https://github.com/mochajs/mocha/issues' },
46 silly install resolved     homepage: 'https://github.com/mochajs/mocha#readme',
46 silly install resolved     _id: 'mocha@2.3.2',
46 silly install resolved     _shasum: '4cd71c4f91cb5e02e0d487b7c69db86ada6e8b83',
46 silly install resolved     _from: 'mocha@*',
46 silly install resolved     _npmVersion: '2.13.3',
46 silly install resolved     _nodeVersion: '3.3.0',
46 silly install resolved     _npmUser: { name: 'boneskull', email: 'chiller@badwing.com' },
46 silly install resolved     dist:
46 silly install resolved      { shasum: '4cd71c4f91cb5e02e0d487b7c69db86ada6e8b83',
46 silly install resolved        tarball: 'http://registry.npmjs.org/mocha/-/mocha-2.3.2.tgz' },
46 silly install resolved     directories: {},
46 silly install resolved     _resolved: 'https://registry.npmjs.org/mocha/-/mocha-2.3.2.tgz' } ]
47 info install mocha@2.3.2 into /usr/local/lib
48 info installOne mocha@2.3.2
49 verbose installOne of mocha to /usr/local/lib not in flight; installing
50 verbose lock using /Users/davidsheffield/.npm/_locks/mocha-1cb4102bb5230051.lock for /usr/local/lib/node_modules/mocha
51 silly install write writing mocha 2.3.2 to /usr/local/lib/node_modules/mocha
52 verbose unbuild lib/node_modules/mocha
53 info preuninstall mocha@2.3.0
54 info uninstall mocha@2.3.0
55 verbose unbuild rmStuff mocha@2.3.0 from /usr/local/lib/node_modules
56 silly gentlyRm /usr/local/bin/mocha is being gently removed
57 silly gentlyRm verifying /usr/local is an npm working directory
58 silly gentlyRm /usr/local/bin/_mocha is being gently removed
59 silly gentlyRm verifying /usr/local is an npm working directory
60 silly gentlyRm containing path /usr/local is under npm's control, in /usr/local
61 silly gentlyRm deletion target /usr/local/bin/mocha is under /usr/local
62 verbose gentlyRm vacuuming from /usr/local/bin/mocha up to /usr/local
63 silly gentlyRm containing path /usr/local is under npm's control, in /usr/local
64 silly gentlyRm deletion target /usr/local/bin/_mocha is under /usr/local
65 verbose gentlyRm vacuuming from /usr/local/bin/_mocha up to /usr/local
66 silly vacuum-fs removing /usr/local/bin/mocha
67 silly vacuum-fs removing /usr/local/bin/_mocha
68 silly vacuum-fs quitting because other entries in /usr/local/bin
69 silly vacuum-fs quitting because other entries in /usr/local/bin
70 info postuninstall mocha@2.3.0
71 silly gentlyRm /usr/local/lib/node_modules/mocha is being purged from base /usr/local
72 verbose gentlyRm don't care about contents; nuking /usr/local/lib/node_modules/mocha
73 silly vacuum-fs purging /usr/local/lib/node_modules/mocha
74 verbose unlock done using /Users/davidsheffield/.npm/_locks/mocha-1cb4102bb5230051.lock for /usr/local/lib/node_modules/mocha
75 verbose stack Error: EACCES, rmdir '/usr/local/lib/node_modules/mocha'
75 verbose stack     at Error (native)
76 verbose cwd /Users/davidsheffield/D49/bitmapTransform
77 error Darwin 14.5.0
78 error argv "node" "/usr/local/bin/npm" "install" "mocha" "-g"
79 error node v0.12.7
80 error npm  v2.11.3
81 error path /usr/local/lib/node_modules/mocha
82 error code EACCES
83 error errno -13
84 error Error: EACCES, rmdir '/usr/local/lib/node_modules/mocha'
84 error     at Error (native)
84 error  { [Error: EACCES, rmdir '/usr/local/lib/node_modules/mocha']
84 error   errno: -13,
84 error   code: 'EACCES',
84 error   path: '/usr/local/lib/node_modules/mocha' }
85 error Please try running this command again as root/Administrator.
86 verbose exit [ -13, true ]
87 verbose unbuild lib/node_modules/mocha
88 info preuninstall mocha@2.3.0
89 info uninstall mocha@2.3.0
90 verbose unbuild rmStuff mocha@2.3.0 from /usr/local/lib/node_modules
91 silly gentlyRm /usr/local/bin/mocha is being gently removed
92 silly gentlyRm verifying /usr/local is an npm working directory
93 silly gentlyRm /usr/local/bin/_mocha is being gently removed
94 silly gentlyRm verifying /usr/local is an npm working directory
95 silly gentlyRm containing path /usr/local is under npm's control, in /usr/local
96 silly gentlyRm deletion target /usr/local/bin/mocha is under /usr/local
97 verbose gentlyRm vacuuming from /usr/local/bin/mocha up to /usr/local
98 silly gentlyRm containing path /usr/local is under npm's control, in /usr/local
99 silly gentlyRm deletion target /usr/local/bin/_mocha is under /usr/local
100 verbose gentlyRm vacuuming from /usr/local/bin/_mocha up to /usr/local
101 info postuninstall mocha@2.3.0
102 silly gentlyRm /usr/local/lib/node_modules/mocha is being purged from base /usr/local
103 verbose gentlyRm don't care about contents; nuking /usr/local/lib/node_modules/mocha
104 silly vacuum-fs purging /usr/local/lib/node_modules/mocha
105 error error rolling back Error: EACCES, rmdir '/usr/local/lib/node_modules/mocha'
105 error error rolling back     at Error (native)
105 error error rolling back  { [Error: EACCES, rmdir '/usr/local/lib/node_modules/mocha']
105 error error rolling back   errno: -13,
105 error error rolling back   code: 'EACCES',
105 error error rolling back   path: '/usr/local/lib/node_modules/mocha' }
